<?xml version="1.0" encoding="UTF-8"?>
<testsuite name="DictionnaryTest" tests="1" skipped="0" failures="0" errors="0" timestamp="2021-10-28T12:14:18" hostname="LAPTOP-LTE4FVVU" time="0.009">
  <properties/>
  <testcase name="testOneTranslation" classname="DictionnaryTest" time="0.009"/>
  <system-out><![CDATA[]]></system-out>
  <system-err><![CDATA[]]></system-err>
</testsuite>
